Copyright 1986-2018 Xilinx, Inc. All Rights Reserved.
------------------------------------------------------------------------------------
| Tool Version : Vivado v.2018.3 (win64) Build 2405991 Thu Dec  6 23:38:27 MST 2018
| Date         : Tue Feb 16 11:33:03 2021
| Host         : Yonxiner-Sonys running 64-bit major release  (build 9200)
| Command      : report_control_sets -verbose -file top_control_sets_placed.rpt
| Design       : top
| Device       : xc7z010
------------------------------------------------------------------------------------

Control Set Information

Table of Contents
-----------------
1. Summary
2. Histogram
3. Flip-Flop Distribution
4. Detailed Control Set Information

1. Summary
----------

+----------------------------------------------------------+-------+
|                          Status                          | Count |
+----------------------------------------------------------+-------+
| Number of unique control sets                            |    69 |
| Unused register locations in slices containing registers |    11 |
+----------------------------------------------------------+-------+


2. Histogram
------------

+--------+--------------+
| Fanout | Control Sets |
+--------+--------------+
|      1 |            1 |
|      8 |           66 |
|     12 |            1 |
|    16+ |            1 |
+--------+--------------+


3. Flip-Flop Distribution
-------------------------

+--------------+-----------------------+------------------------+-----------------+--------------+
| Clock Enable | Synchronous Set/Reset | Asynchronous Set/Reset | Total Registers | Total Slices |
+--------------+-----------------------+------------------------+-----------------+--------------+
| No           | No                    | No                     |               0 |            0 |
| No           | No                    | Yes                    |              12 |            7 |
| No           | Yes                   | No                     |               0 |            0 |
| Yes          | No                    | No                     |             512 |          109 |
| Yes          | No                    | Yes                    |             529 |          156 |
| Yes          | Yes                   | No                     |               0 |            0 |
+--------------+-----------------------+------------------------+-----------------+--------------+


4. Detailed Control Set Information
-----------------------------------

+----------------------+---------------------------+-------------------+------------------+----------------+
|     Clock Signal     |       Enable Signal       |  Set/Reset Signal | Slice Load Count | Bel Load Count |
+----------------------+---------------------------+-------------------+------------------+----------------+
|  usb_clock_IBUF_BUFG | usb_outen_n_i_1_n_0       | usb_vaild_i_2_n_0 |                1 |              1 |
|  usb_clock_IBUF_BUFG | usb_reve[183]_i_1_n_0     | usb_vaild_i_2_n_0 |                2 |              8 |
|  usb_clock_IBUF_BUFG | usb_reve[103]_i_1_n_0     | usb_vaild_i_2_n_0 |                3 |              8 |
|  usb_clock_IBUF_BUFG | usb_reve[111]_i_1_n_0     | usb_vaild_i_2_n_0 |                2 |              8 |
|  usb_clock_IBUF_BUFG | usb_reve[119]_i_1_n_0     | usb_vaild_i_2_n_0 |                2 |              8 |
|  usb_clock_IBUF_BUFG | usb_reve[127]_i_1_n_0     | usb_vaild_i_2_n_0 |                2 |              8 |
|  usb_clock_IBUF_BUFG | usb_reve[15]_i_1_n_0      | usb_vaild_i_2_n_0 |                2 |              8 |
|  usb_clock_IBUF_BUFG | usb_reve[175]_i_1_n_0     | usb_vaild_i_2_n_0 |                3 |              8 |
|  usb_clock_IBUF_BUFG | usb_reve[247]_i_1_n_0     | usb_vaild_i_2_n_0 |                1 |              8 |
|  usb_clock_IBUF_BUFG | usb_reve[207]_i_1_n_0     | usb_vaild_i_2_n_0 |                2 |              8 |
|  usb_clock_IBUF_BUFG | usb_reve[223]_i_1_n_0     | usb_vaild_i_2_n_0 |                2 |              8 |
|  usb_clock_IBUF_BUFG | usb_reve[239]_i_1_n_0     | usb_vaild_i_2_n_0 |                2 |              8 |
|  usb_clock_IBUF_BUFG | usb_reve[23]_i_1_n_0      | usb_vaild_i_2_n_0 |                2 |              8 |
|  usb_clock_IBUF_BUFG | usb_reve[255]_i_1_n_0     | usb_vaild_i_2_n_0 |                2 |              8 |
|  usb_clock_IBUF_BUFG | usb_reve[191]_i_1_n_0     | usb_vaild_i_2_n_0 |                2 |              8 |
|  usb_clock_IBUF_BUFG | usb_reve[231]_i_1_n_0     | usb_vaild_i_2_n_0 |                3 |              8 |
|  usb_clock_IBUF_BUFG | usb_reve_count[0]_i_1_n_0 | usb_vaild_i_2_n_0 |                2 |              8 |
|  usb_clock_IBUF_BUFG | usb_reve[135]_i_1_n_0     | usb_vaild_i_2_n_0 |                3 |              8 |
|  usb_clock_IBUF_BUFG | usb_reve[159]_i_1_n_0     | usb_vaild_i_2_n_0 |                5 |              8 |
|  usb_clock_IBUF_BUFG | usb_reve[215]_i_1_n_0     | usb_vaild_i_2_n_0 |                2 |              8 |
|  usb_clock_IBUF_BUFG | usb_reve[143]_i_1_n_0     | usb_vaild_i_2_n_0 |                2 |              8 |
|  usb_clock_IBUF_BUFG | usb_reve[199]_i_1_n_0     | usb_vaild_i_2_n_0 |                3 |              8 |
|  usb_clock_IBUF_BUFG | usb_reve[151]_i_1_n_0     | usb_vaild_i_2_n_0 |                2 |              8 |
|  usb_clock_IBUF_BUFG | usb_reve[167]_i_1_n_0     | usb_vaild_i_2_n_0 |                3 |              8 |
|  usb_clock_IBUF_BUFG | usb_reve[263]_i_1_n_0     | usb_vaild_i_2_n_0 |                5 |              8 |
|  usb_clock_IBUF_BUFG | usb_reve[271]_i_1_n_0     | usb_vaild_i_2_n_0 |                2 |              8 |
|  usb_clock_IBUF_BUFG | usb_reve[279]_i_1_n_0     | usb_vaild_i_2_n_0 |                1 |              8 |
|  usb_clock_IBUF_BUFG | usb_reve[287]_i_1_n_0     | usb_vaild_i_2_n_0 |                3 |              8 |
|  usb_clock_IBUF_BUFG | usb_reve[311]_i_1_n_0     | usb_vaild_i_2_n_0 |                2 |              8 |
|  usb_clock_IBUF_BUFG | usb_reve[295]_i_1_n_0     | usb_vaild_i_2_n_0 |                3 |              8 |
|  usb_clock_IBUF_BUFG | usb_reve[319]_i_1_n_0     | usb_vaild_i_2_n_0 |                2 |              8 |
|  usb_clock_IBUF_BUFG | usb_reve[335]_i_1_n_0     | usb_vaild_i_2_n_0 |                4 |              8 |
|  usb_clock_IBUF_BUFG | usb_reve[327]_i_1_n_0     | usb_vaild_i_2_n_0 |                2 |              8 |
|  usb_clock_IBUF_BUFG | usb_reve[303]_i_1_n_0     | usb_vaild_i_2_n_0 |                2 |              8 |
|  usb_clock_IBUF_BUFG | usb_reve[31]_i_1_n_0      | usb_vaild_i_2_n_0 |                2 |              8 |
|  usb_clock_IBUF_BUFG | usb_reve[343]_i_1_n_0     | usb_vaild_i_2_n_0 |                1 |              8 |
|  usb_clock_IBUF_BUFG | usb_reve[383]_i_1_n_0     | usb_vaild_i_2_n_0 |                2 |              8 |
|  usb_clock_IBUF_BUFG | usb_reve[399]_i_1_n_0     | usb_vaild_i_2_n_0 |                2 |              8 |
|  usb_clock_IBUF_BUFG | usb_reve[407]_i_1_n_0     | usb_vaild_i_2_n_0 |                2 |              8 |
|  usb_clock_IBUF_BUFG | usb_reve[359]_i_1_n_0     | usb_vaild_i_2_n_0 |                3 |              8 |
|  usb_clock_IBUF_BUFG | usb_reve[415]_i_1_n_0     | usb_vaild_i_2_n_0 |                3 |              8 |
|  usb_clock_IBUF_BUFG | usb_reve[423]_i_1_n_0     | usb_vaild_i_2_n_0 |                2 |              8 |
|  usb_clock_IBUF_BUFG | usb_reve[351]_i_1_n_0     | usb_vaild_i_2_n_0 |                2 |              8 |
|  usb_clock_IBUF_BUFG | usb_reve[375]_i_1_n_0     | usb_vaild_i_2_n_0 |                2 |              8 |
|  usb_clock_IBUF_BUFG | usb_reve[367]_i_1_n_0     | usb_vaild_i_2_n_0 |                2 |              8 |
|  usb_clock_IBUF_BUFG | usb_reve[391]_i_1_n_0     | usb_vaild_i_2_n_0 |                3 |              8 |
|  usb_clock_IBUF_BUFG | usb_reve[39]_i_1_n_0      | usb_vaild_i_2_n_0 |                3 |              8 |
|  usb_clock_IBUF_BUFG | usb_reve[471]_i_1_n_0     | usb_vaild_i_2_n_0 |                2 |              8 |
|  usb_clock_IBUF_BUFG | usb_reve[431]_i_1_n_0     | usb_vaild_i_2_n_0 |                2 |              8 |
|  usb_clock_IBUF_BUFG | usb_reve[455]_i_1_n_0     | usb_vaild_i_2_n_0 |                3 |              8 |
|  usb_clock_IBUF_BUFG | usb_reve[463]_i_1_n_0     | usb_vaild_i_2_n_0 |                2 |              8 |
|  usb_clock_IBUF_BUFG | usb_reve[439]_i_1_n_0     | usb_vaild_i_2_n_0 |                1 |              8 |
|  usb_clock_IBUF_BUFG | usb_reve[479]_i_1_n_0     | usb_vaild_i_2_n_0 |                3 |              8 |
|  usb_clock_IBUF_BUFG | usb_reve[47]_i_1_n_0      | usb_vaild_i_2_n_0 |                3 |              8 |
|  usb_clock_IBUF_BUFG | usb_reve[447]_i_1_n_0     | usb_vaild_i_2_n_0 |                2 |              8 |
|  usb_clock_IBUF_BUFG | usb_reve[495]_i_1_n_0     | usb_vaild_i_2_n_0 |                2 |              8 |
|  usb_clock_IBUF_BUFG | usb_reve[7]_i_1_n_0       | usb_vaild_i_2_n_0 |                2 |              8 |
|  usb_clock_IBUF_BUFG | usb_reve[71]_i_1_n_0      | usb_vaild_i_2_n_0 |                2 |              8 |
|  usb_clock_IBUF_BUFG | usb_reve[487]_i_1_n_0     | usb_vaild_i_2_n_0 |                3 |              8 |
|  usb_clock_IBUF_BUFG | usb_reve[503]_i_1_n_0     | usb_vaild_i_2_n_0 |                1 |              8 |
|  usb_clock_IBUF_BUFG | usb_reve[55]_i_1_n_0      | usb_vaild_i_2_n_0 |                2 |              8 |
|  usb_clock_IBUF_BUFG | usb_reve[511]_i_1_n_0     | usb_vaild_i_2_n_0 |                2 |              8 |
|  usb_clock_IBUF_BUFG | usb_reve[63]_i_1_n_0      | usb_vaild_i_2_n_0 |                3 |              8 |
|  usb_clock_IBUF_BUFG | usb_reve[79]_i_1_n_0      | usb_vaild_i_2_n_0 |                3 |              8 |
|  usb_clock_IBUF_BUFG | usb_reve[87]_i_1_n_0      | usb_vaild_i_2_n_0 |                2 |              8 |
|  usb_clock_IBUF_BUFG | usb_reve[95]_i_1_n_0      | usb_vaild_i_2_n_0 |                3 |              8 |
|  usb_clock_IBUF_BUFG | usb_send_count[0]_i_1_n_0 | usb_vaild_i_2_n_0 |                3 |              8 |
|  usb_clock_IBUF_BUFG |                           | usb_vaild_i_2_n_0 |                7 |             12 |
|  usb_clock_IBUF_BUFG | usb_send                  |                   |              109 |            512 |
+----------------------+---------------------------+-------------------+------------------+----------------+


